<?xml version="1.0" encoding="UTF-8"?>
<!-- Generated by org.testng.reporters.JUnitXMLReporter -->
<testsuite ignored="0" hostname="MJBPUNL013" failures="0" tests="3" name="Default test" time="38.741" errors="0" timestamp="06 Feb 2021 09:46:02 GMT">
  <testcase classname="com.hailo.qa.testcases.LoginPageTest" name="loginPageTitleTest" time="0.028"/>
  <testcase classname="com.hailo.qa.testcases.LoginPageTest" name="loginPageLogoTest" time="0.067"/>
  <testcase classname="com.hailo.qa.testcases.LoginPageTest" name="loginTest" time="5.537"/>
</testsuite> <!-- Default test -->
