<?xml version="1.0" encoding="UTF-8"?>
<!-- Generated by org.testng.reporters.JUnitXMLReporter -->
<testsuite hostname="DESKTOP-PGP87JA" ignored="0" name="Default test" tests="5" failures="0" timestamp="14 Feb 2021 04:40:58 GMT" time="210.698" errors="0">
  <testcase name="doSearchAndOpenProductCategory" time="9.558" classname="com.hailo.qa.testcases.ProductCategoriesTest"/>
  <testcase name="createNewSubcategory" time="8.594" classname="com.hailo.qa.testcases.ProductCategoriesTest"/>
  <testcase name="viewSubcategory" time="9.18" classname="com.hailo.qa.testcases.ProductCategoriesTest"/>
  <testcase name="updateSubcategory" time="17.781" classname="com.hailo.qa.testcases.ProductCategoriesTest"/>
  <testcase name="deleteSubcategory" time="24.659" classname="com.hailo.qa.testcases.ProductCategoriesTest"/>
</testsuite> <!-- Default test -->
